<?xml version="1.0" encoding="UTF-8"?>
<testsuites>
  <testsuite name="CodeIgniter Application Test Suite" tests="1" assertions="1" failures="0" errors="0" time="0.349167">
    <testsuite name="Tipocambio_test" file="/Users/joel/GitHub/apitest/content/web/application/tests/models/tipocambio/tipocambio_test.php" tests="1" assertions="1" failures="0" errors="0" time="0.349167">
      <testcase name="test_result_xrate" class="Tipocambio_test" file="/Users/joel/GitHub/apitest/content/web/application/tests/models/tipocambio/tipocambio_test.php" line="19" assertions="1" time="0.349167"/>
    </testsuite>
  </testsuite>
</testsuites>
